#
# A fatal error has been detected by the Java Runtime Environment:
#
#  EXCEPTION_ACCESS_VIOLATION (0xc0000005) at pc=0x00007ffc400526c4, pid=32344, tid=48676
#
# JRE version: OpenJDK Runtime Environment (24.0.1+9) (build 24.0.1+9-30)
# Java VM: OpenJDK 64-Bit Server VM (24.0.1+9-30, mixed mode, sharing, tiered, compressed oops, compressed class ptrs, g1 gc, windows-amd64)
# Problematic frame:
# C  [libasyncProfiler.dll+0x926c4]
#
# No core dump will be written. Minidumps are not enabled by default on client versions of Windows
#
# JFR recording file will be written. Location: C:\Users\Ekamo\Desktop\New folder (2)\InformationR\hs_err_pid32344.jfr
#
# If you would like to submit a bug report, please visit:
#   https://bugreport.java.com/bugreport/crash.jsp
# The crash happened outside the Java Virtual Machine in native code.
# See problematic frame for where to report the bug.
#

---------------  S U M M A R Y ------------

Command Line: --enable-preview -javaagent:C:\Program Files\JetBrains\IntelliJ IDEA 2025.1\lib\idea_rt.jar=56990 -Dfile.encoding=UTF-8 -Dsun.stdout.encoding=UTF-8 -Dsun.stderr.encoding=UTF-8 Main inputfolder

Host: 13th Gen Intel(R) Core(TM) i9-13900H, 20 cores, 31G,  Windows 11 , 64 bit Build 26100 (10.0.26100.7019)
Time: Thu Feb 12 15:31:34 2026 Central Standard Time elapsed time: 3.198667 seconds (0d 0h 0m 3s)

---------------  T H R E A D  ---------------

Current thread (0x00000208ea3051d0):  JavaThread "Attach Listener" daemon [_thread_in_native, id=48676, stack(0x000000d58a800000,0x000000d58a900000) (1024K)]

Stack: [0x000000d58a800000,0x000000d58a900000],  sp=0x000000d58a8fedf0,  free space=1019k
Native frames: (J=compiled Java code, j=interpreted, Vv=VM code, C=native code)
C  [libasyncProfiler.dll+0x926c4]  (no source info available)
C  [libasyncProfiler.dll+0x92b9b]  (no source info available)
C  [libasyncProfiler.dll+0x917f4]  (no source info available)
C  [libasyncProfiler.dll+0x9206a]  (no source info available)
C  [libasyncProfiler.dll+0x8cc21]  (no source info available)
C  [libasyncProfiler.dll+0x7e5e1]  (no source info available)
C  [libasyncProfiler.dll+0x7d2f8]  (no source info available)
C  [libasyncProfiler.dll+0x7d1e0]  (no source info available)
C  [libasyncProfiler.dll+0x841b9]  (no source info available)
V  [jvm.dll+0x57eff7]  (no source info available)
V  [jvm.dll+0x57fdac]  (no source info available)
V  [jvm.dll+0x14ca17]  (no source info available)
V  [jvm.dll+0x14dfe1]  (no source info available)
V  [jvm.dll+0x42f456]  (no source info available)
V  [jvm.dll+0x87d76b]  (no source info available)
V  [jvm.dll+0x72ee55]  (no source info available)
C  [ucrtbase.dll+0x37b0]  (no source info available)
C  [KERNEL32.DLL+0x2e8d7]  (no source info available)
C  [ntdll.dll+0x8c53c]  (no source info available)


siginfo: EXCEPTION_ACCESS_VIOLATION (0xc0000005), reading address 0xffffffffffffffff


Registers:
RAX=0x0000000000000010, RBX=0x0000000000000000, RCX=0xffffffffffffffff, RDX=0x007ffbcef9300010
RSP=0x000000d58a8fedf0, RBP=0x00000208f00e9370, RSI=0x000000d58a8fef60, RDI=0x00000208f00e9370
R8 =0x0000000000000042, R9 =0x0000000621850000, R10=0x00007ffbcf209fb0, R11=0x0000000000000004
R12=0x000000d58a8fef60, R13=0x00000208c260b5a0, R14=0x00000208ea305598, R15=0x00000208ea305598
RIP=0x00007ffc400526c4, EFLAGS=0x0000000000010202

XMM[0]=0x0000000000000000 0x0000000000000000
XMM[1]=0x0000000000000000 0x0000000000000000
XMM[2]=0x0000000000000000 0x0000000000000000
XMM[3]=0x0000000000000000 0x0000000000000000
XMM[4]=0x0000000000000000 0x0000000000000000
XMM[5]=0x0000000000000000 0x0000000000000000
XMM[6]=0x0000000000000000 0x0000000000000000
XMM[7]=0x0000000000000000 0x0000000000000000
XMM[8]=0x0000000000000000 0x0000000000000000
XMM[9]=0x0000000000000000 0x0000000000000000
XMM[10]=0x0000000000000000 0x0000000000000000
XMM[11]=0x0000000000000000 0x0000000000000000
XMM[12]=0x0000000000000000 0x0000000000000000
XMM[13]=0x0000000000000000 0x0000000000000000
XMM[14]=0x0000000000000000 0x0000000000000000
XMM[15]=0x0000000000000000 0x0000000000000000
  MXCSR=0x00001fa0


Register to memory mapping:

RAX=0x0000000000000010 is an unknown value
RBX=0x0 is null
RCX=0xffffffffffffffff is an unknown value
RDX=0x007ffbcef9300010 is an unknown value
RSP=0x000000d58a8fedf0 is pointing into the stack for thread: 0x00000208ea3051d0
RBP=0x00000208f00e9370 points into unknown readable memory: 0x0000000621850000 | 00 00 85 21 06 00 00 00
RSI=0x000000d58a8fef60 is pointing into the stack for thread: 0x00000208ea3051d0
RDI=0x00000208f00e9370 points into unknown readable memory: 0x0000000621850000 | 00 00 85 21 06 00 00 00
R8 =0x0000000000000042 is an unknown value
R9 =0x0000000621850000 is an oop: java.lang.Thread 
{0x0000000621850000} - klass: 'java/lang/Thread' - flags: 

 - ---- fields (total size 14 words):
 - 'threadLocalRandomProbe' 'I' @12  0 (0x00000000)
 - private volatile 'eetop' 'J' @16  2236700988592 (0x00000208c5c494b0)
 - private final 'tid' 'J' @24  3 (0x0000000000000003)
 - 'threadLocalRandomSeed' 'J' @32  0 (0x0000000000000000)
 - injected 'jvmti_thread_state' 'J' @40  2236644561520 (0x00000208c2679270)
 - 'threadLocalRandomSecondarySeed' 'I' @48  0 (0x00000000)
 - injected 'jvmti_VTMS_transition_disable_count' 'I' @52  0 (0x00000000)
 - injected 'jfr_epoch' 'S' @56  0 (0x0000)
 - volatile 'interrupted' 'Z' @58  false (0x00)
 - injected 'jvmti_is_in_VTMS_transition' 'Z' @59  false (0x00)
 - private volatile 'name' 'Ljava/lang/String;' @60  "main"{0x0000000621823ce8} (0xc430479d)
 - private volatile 'contextClassLoader' 'Ljava/lang/ClassLoader;' @64  a 'jdk/internal/loader/ClassLoaders$AppClassLoader'{0x000000062181e000} (0xc4303c00)
 - private final 'holder' 'Ljava/lang/Thread$FieldHolder;' @68  a 'java/lang/Thread$FieldHolder'{0x0000000621823cc0} (0xc4304798)
 - 'threadLocals' 'Ljava/lang/ThreadLocal$ThreadLocalMap;' @72  a 'java/lang/ThreadLocal$ThreadLocalMap'{0x0000000621823ab0} (0xc4304756)
 - 'inheritableThreadLocals' 'Ljava/lang/ThreadLocal$ThreadLocalMap;' @76  null (0x00000000)
 - private 'scopedValueBindings' 'Ljava/lang/Object;' @80  a 'java/lang/Class'{0x00000007ffc7c258} = 'java/lang/Thread' (0xfff8f84b)
 - final 'interruptLock' 'Ljava/lang/Object;' @84  a 'java/lang/Object'{0x0000000621823aa0} (0xc4304754)
 - private volatile 'parkBlocker' 'Ljava/lang/Object;' @88  null (0x00000000)
 - private 'nioBlocker' 'Lsun/nio/ch/Interruptible;' @92  null (0x00000000)
 - private 'cont' 'Ljdk/internal/vm/Continuation;' @96  null (0x00000000)
 - private volatile 'uncaughtExceptionHandler' 'Ljava/lang/Thread$UncaughtExceptionHandler;' @100  null (0x00000000)
 - private 'container' 'Ljdk/internal/vm/ThreadContainer;' @104  null (0x00000000)
 - private volatile 'headStackableScopes' 'Ljdk/internal/vm/StackableScope;' @108  null (0x00000000)
R10=0x00007ffbcf209fb0 jvm.dll
R11=0x0000000000000004 is an unknown value
R12=0x000000d58a8fef60 is pointing into the stack for thread: 0x00000208ea3051d0
R13=0x00000208c260b5a0 points into unknown readable memory: 0x00007ffbcf17a510 | 10 a5 17 cf fb 7f 00 00
R14=0x00000208ea305598 points into unknown readable memory: 0x00007ffbcf1717b0 | b0 17 17 cf fb 7f 00 00
R15=0x00000208ea305598 points into unknown readable memory: 0x00007ffbcf1717b0 | b0 17 17 cf fb 7f 00 00

Top of Stack: (sp=0x000000d58a8fedf0)
0x000000d58a8fedf0:   000000d58a8fef60 00000208f00e9370   `.......p.......
0x000000d58a8fee00:   0000000000000000 00000208ea305920   ........ Y0.....
0x000000d58a8fee10:   000000000000002e 00007ffc40052b9b   .........+.@....
0x000000d58a8fee20:   0000000000000000 00000208ea305598   .........U0.....
0x000000d58a8fee30:   000000d58a8fef01 0000000000000000   ................
0x000000d58a8fee40:   00000208f0f59800 00007ffc400517f4   ...........@....
0x000000d58a8fee50:   0000000000000000 000000000000002e   ................
0x000000d58a8fee60:   0000000000000000 000000000000002e   ................
0x000000d58a8fee70:   0000000e00000002 00000208c2be9d00   ................
0x000000d58a8fee80:   00000208f0f59800 00000208f0f598b8   ................
0x000000d58a8fee90:   00000208f0f598fc 000000000000d300   ................
0x000000d58a8feea0:   0000000000000000 0000000000000000   ................
0x000000d58a8feeb0:   0000000000000000 00007ffbce9d57d4   .........W......
0x000000d58a8feec0:   00007ffc40194ca0 0000000000007e58   .L.@....X~......
0x000000d58a8feed0:   00007ffc40194ca0 00000000ffffffff   .L.@............
0x000000d58a8feee0:   0000000000000000 00007ffc4005206a   ........j .@....
0x000000d58a8feef0:   00000208ea305598 0000000000000000   .U0.............
0x000000d58a8fef00:   000000d58a8fef69 00000208c260b5a0   i.........`.....
0x000000d58a8fef10:   0000000000000004 0000000000000048   ........H.......
0x000000d58a8fef20:   0000000800800310 0000000000000020   ........ .......
0x000000d58a8fef30:   00000208ea305598 00007ffc40194ca0   .U0......L.@....
0x000000d58a8fef40:   00000208ea18cc20 00000208c2679270    .......p.g.....
0x000000d58a8fef50:   0000000800800390 00000208ea305598   .........U0.....
0x000000d58a8fef60:   00000208f14528c0 00000208f1452e80   .(E.......E.....
0x000000d58a8fef70:   00000208f1452e80 00007ffc40194ca0   ..E......L.@....
0x000000d58a8fef80:   00000208c2128038 000000d58a8ff0f8   8...............
0x000000d58a8fef90:   000000d58a8ff230 0000000000008840   0.......@.......
0x000000d58a8fefa0:   000000d58a8ff410 00007ffc40194cf0   .........L.@....
0x000000d58a8fefb0:   0000000000989680 0000000000989680   ................
0x000000d58a8fefc0:   000000d58a8ff0d0 00007ffc4004cc21   ........!..@....
0x000000d58a8fefd0:   00007ffc40194ca0 00007ffc40194cf8   .L.@.....L.@....
0x000000d58a8fefe0:   00007ffc00000000 00007ffb00000001   ................

Instructions: (pc=0x00007ffc400526c4)
  0x00007ffc400525c4:   cc cc cc cc cc cc cc cc cc cc cc cc cc cc cc cc
  0x00007ffc400525d4:   cc cc cc cc cc cc cc cc cc cc cc cc cc cc cc cc
  0x00007ffc400525e4:   cc cc cc cc cc cc cc cc cc cc cc cc cc cc cc cc
  0x00007ffc400525f4:   cc cc cc cc cc cc cc cc cc cc cc cc cc cc cc cc
  0x00007ffc40052604:   cc cc cc cc cc cc cc cc cc cc cc cc cc cc cc cc
  0x00007ffc40052614:   cc cc cc cc cc cc cc cc cc cc cc cc cc cc cc cc
  0x00007ffc40052624:   cc cc cc cc cc cc cc cc cc cc cc cc cc cc cc cc
  0x00007ffc40052634:   cc cc cc cc cc cc cc cc cc cc cc cc cc cc cc cc
  0x00007ffc40052644:   cc cc cc cc cc cc cc cc cc cc cc cc 40 57 48 83
  0x00007ffc40052654:   ec 20 48 8b f9 48 8b 0d 10 28 14 00 48 85 c9 74
  0x00007ffc40052664:   20 48 8b 01 48 8d 54 24 38 41 b8 06 00 01 00 4c
  0x00007ffc40052674:   8b 48 30 41 ff d1 85 c0 75 07 48 8b 4c 24 38 eb
  0x00007ffc40052684:   02 33 c9 4c 8b 05 ea 28 14 00 48 89 5c 24 30 4d
  0x00007ffc40052694:   85 c0 74 4a 48 8b 01 48 8b d7 4c 8b 88 28 03 00
  0x00007ffc400526a4:   00 41 ff d1 48 85 c0 74 35 48 63 0d f8 e6 13 00
  0x00007ffc400526b4:   48 8b 14 01 48 85 d2 74 15 48 63 05 fc e6 13 00
=>0x00007ffc400526c4:   8b 04 10 48 8b 5c 24 30 48 83 c4 20 5f c3 b8 ff
  0x00007ffc400526d4:   ff ff ff 48 8b 5c 24 30 48 83 c4 20 5f c3 80 3d
  0x00007ffc400526e4:   9b 27 14 00 00 bb ff ff ff ff 74 20 4c 8b 0d 31
  0x00007ffc400526f4:   24 14 00 4c 8d 44 24 38 48 8b 0d 15 24 14 00 48
  0x00007ffc40052704:   8b d7 41 ff d1 85 c0 0f 44 5c 24 38 8b c3 48 8b
  0x00007ffc40052714:   5c 24 30 48 83 c4 20 5f c3 cc cc cc cc cc cc cc
  0x00007ffc40052724:   cc cc cc cc cc cc cc cc cc cc cc cc cc cc cc cc
  0x00007ffc40052734:   cc cc cc cc cc cc cc cc cc cc cc cc cc cc cc cc
  0x00007ffc40052744:   cc cc cc cc cc cc cc cc cc cc cc cc 48 89 54 24
  0x00007ffc40052754:   10 53 55 56 57 41 56 41 57 48 83 ec 28 48 8b f2
  0x00007ffc40052764:   4c 8b f1 48 89 4c 24 78 45 33 ff 44 89 7c 24 68
  0x00007ffc40052774:   c7 44 24 60 01 00 00 00 48 8d 4c 24 68 e8 ed 42
  0x00007ffc40052784:   f7 ff 8b d8 48 8d 4c 24 60 e8 e1 42 f7 ff 8b e8
  0x00007ffc40052794:   49 8b ce e8 00 fc f6 ff 48 8b f8 90 8b c3 f0 0f
  0x00007ffc400527a4:   b1 2f 74 04 f3 90 eb f4 4c 89 3e 4c 89 7e 08 4c
  0x00007ffc400527b4:   89 7e 10 49 8b 6e 08 4d 8b 76 10 49 3b ee 0f 84


Stack slot to memory mapping:

stack at sp + 0 slots: 0x000000d58a8fef60 is pointing into the stack for thread: 0x00000208ea3051d0
stack at sp + 1 slots: 0x00000208f00e9370 points into unknown readable memory: 0x0000000621850000 | 00 00 85 21 06 00 00 00
stack at sp + 2 slots: 0x0 is null
stack at sp + 3 slots: 0x00000208ea305920 points into unknown readable memory: 0x6e616c2e6176616a | 6a 61 76 61 2e 6c 61 6e
stack at sp + 4 slots: 0x000000000000002e is an unknown value
stack at sp + 5 slots: 0x00007ffc40052b9b libasyncProfiler.dll
stack at sp + 6 slots: 0x0 is null
stack at sp + 7 slots: 0x00000208ea305598 points into unknown readable memory: 0x00007ffbcf1717b0 | b0 17 17 cf fb 7f 00 00

Lock stack of current Java thread (top to bottom):


---------------  P R O C E S S  ---------------

Threads class SMR info:
_java_thread_list=0x00000208c2c84a80, length=24, elements={
0x00000208c5c494b0, 0x00000208ea301800, 0x00000208ea302ab0, 0x00000208ea3046a0,
0x00000208ea3051d0, 0x00000208ea30dd10, 0x00000208ea30e840, 0x00000208ea30f6a0,
0x00000208ea312230, 0x00000208c10809d0, 0x00000208c133b060, 0x00000208c134d660,
0x00000208c134dda0, 0x00000208c208fb30, 0x00000208c217fa70, 0x00000208c21de630,
0x00000208c21df580, 0x00000208c2099a40, 0x00000208c209c010, 0x00000208c2ccb090,
0x00000208c209b880, 0x00000208c20992b0, 0x00000208c209ed70, 0x00000208f015b550
}

Java Threads: ( => current thread )
  0x00000208c5c494b0 JavaThread "main"                              [_thread_in_native, id=46812, stack(0x000000d589d00000,0x000000d589e00000) (1024K)]
  0x00000208ea301800 JavaThread "Reference Handler"          daemon [_thread_blocked, id=19896, stack(0x000000d58a500000,0x000000d58a600000) (1024K)]
  0x00000208ea302ab0 JavaThread "Finalizer"                  daemon [_thread_blocked, id=3584, stack(0x000000d58a600000,0x000000d58a700000) (1024K)]
  0x00000208ea3046a0 JavaThread "Signal Dispatcher"          daemon [_thread_blocked, id=42452, stack(0x000000d58a700000,0x000000d58a800000) (1024K)]
=>0x00000208ea3051d0 JavaThread "Attach Listener"            daemon [_thread_in_native, id=48676, stack(0x000000d58a800000,0x000000d58a900000) (1024K)]
  0x00000208ea30dd10 JavaThread "Service Thread"             daemon [_thread_blocked, id=41072, stack(0x000000d58a900000,0x000000d58aa00000) (1024K)]
  0x00000208ea30e840 JavaThread "Monitor Deflation Thread"   daemon [_thread_blocked, id=18132, stack(0x000000d58aa00000,0x000000d58ab00000) (1024K)]
  0x00000208ea30f6a0 JavaThread "C2 CompilerThread0"         daemon [_thread_blocked, id=34064, stack(0x000000d58ab00000,0x000000d58ac00000) (1024K)]
  0x00000208ea312230 JavaThread "C1 CompilerThread0"         daemon [_thread_blocked, id=5972, stack(0x000000d58ac00000,0x000000d58ad00000) (1024K)]
  0x00000208c10809d0 JavaThread "C1 CompilerThread1"         daemon [_thread_blocked, id=11116, stack(0x000000d58ad00000,0x000000d58ae00000) (1024K)]
  0x00000208c133b060 JavaThread "Common-Cleaner"             daemon [_thread_blocked, id=28612, stack(0x000000d58b100000,0x000000d58b200000) (1024K)]
  0x00000208c134d660 JavaThread "Monitor Ctrl-Break"         daemon [_thread_in_native, id=38640, stack(0x000000d58b200000,0x000000d58b300000) (1024K)]
  0x00000208c134dda0 JavaThread "Notification Thread"        daemon [_thread_blocked, id=32216, stack(0x000000d58b300000,0x000000d58b400000) (1024K)]
  0x00000208c208fb30 JavaThread "RMI TCP Accept-0"           daemon [_thread_in_native, id=31408, stack(0x000000d58ba00000,0x000000d58bb00000) (1024K)]
  0x00000208c217fa70 JavaThread "RMI TCP Connection(1)-192.168.222.172" daemon [_thread_in_native, id=55044, stack(0x000000d58c600000,0x000000d58c700000) (1024K)]
  0x00000208c21de630 JavaThread "RMI Scheduler(0)"           daemon [_thread_blocked, id=56300, stack(0x000000d58c700000,0x000000d58c800000) (1024K)]
  0x00000208c21df580 JavaThread "JMX server connection timeout 51" daemon [_thread_blocked, id=33568, stack(0x000000d58c800000,0x000000d58c900000) (1024K)]
  0x00000208c2099a40 JavaThread "C2 CompilerThread1"         daemon [_thread_in_native, id=13612, stack(0x000000d58ae00000,0x000000d58af00000) (1024K)]
  0x00000208c209c010 JavaThread "C2 CompilerThread2"         daemon [_thread_blocked, id=2272, stack(0x000000d58af00000,0x000000d58b000000) (1024K)]
  0x00000208c2ccb090 JavaThread "JFR Recorder Thread"        daemon [_thread_in_native, id=43060, stack(0x000000d58b000000,0x000000d58b100000) (1024K)]
  0x00000208c209b880 JavaThread "C2 CompilerThread3"         daemon [_thread_blocked, id=42512, stack(0x000000d58b400000,0x000000d58b500000) (1024K)]
  0x00000208c20992b0 JavaThread "C1 CompilerThread2"         daemon [_thread_blocked, id=48048, stack(0x000000d58b500000,0x000000d58b600000) (1024K)]
  0x00000208c209ed70 JavaThread "C1 CompilerThread3"         daemon [_thread_blocked, id=18224, stack(0x000000d58b600000,0x000000d58b700000) (1024K)]
  0x00000208f015b550 JavaThread "JFR Periodic Tasks"         daemon [_thread_blocked, id=54016, stack(0x000000d58b700000,0x000000d58b800000) (1024K)]
Total: 24

Other Threads:
  0x00000208ea2f1690 VMThread "VM Thread"                           [id=20420, stack(0x000000d58a400000,0x000000d58a500000) (1024K)]
  0x00000208ea2389f0 WatcherThread "VM Periodic Task Thread"        [id=32000, stack(0x000000d58a300000,0x000000d58a400000) (1024K)]
  0x00000208c5cf2af0 WorkerThread "GC Thread#0"                     [id=46200, stack(0x000000d589e00000,0x000000d589f00000) (1024K)]
  0x00000208c2701f30 WorkerThread "GC Thread#1"                     [id=31140, stack(0x000000d58bb00000,0x000000d58bc00000) (1024K)]
  0x00000208c27022e0 WorkerThread "GC Thread#2"                     [id=38720, stack(0x000000d58bc00000,0x000000d58bd00000) (1024K)]
  0x00000208c2702690 WorkerThread "GC Thread#3"                     [id=13112, stack(0x000000d58bd00000,0x000000d58be00000) (1024K)]
  0x00000208c2109910 WorkerThread "GC Thread#4"                     [id=13692, stack(0x000000d58be00000,0x000000d58bf00000) (1024K)]
  0x00000208c2109cc0 WorkerThread "GC Thread#5"                     [id=54588, stack(0x000000d58bf00000,0x000000d58c000000) (1024K)]
  0x00000208c210a070 WorkerThread "GC Thread#6"                     [id=45208, stack(0x000000d58c000000,0x000000d58c100000) (1024K)]
  0x00000208c210a830 WorkerThread "GC Thread#7"                     [id=43628, stack(0x000000d58c100000,0x000000d58c200000) (1024K)]
  0x00000208c210abe0 WorkerThread "GC Thread#8"                     [id=24312, stack(0x000000d58c200000,0x000000d58c300000) (1024K)]
  0x00000208c210af90 WorkerThread "GC Thread#9"                     [id=38012, stack(0x000000d58c300000,0x000000d58c400000) (1024K)]
  0x00000208c210b950 WorkerThread "GC Thread#10"                    [id=31792, stack(0x000000d58c400000,0x000000d58c500000) (1024K)]
  0x00000208c20a6550 WorkerThread "GC Thread#11"                    [id=34892, stack(0x000000d58c500000,0x000000d58c600000) (1024K)]
  0x00000208c5d08620 ConcurrentGCThread "G1 Main Marker"            [id=42152, stack(0x000000d589f00000,0x000000d58a000000) (1024K)]
  0x00000208c5d09040 WorkerThread "G1 Conc#0"                       [id=1708, stack(0x000000d58a000000,0x000000d58a100000) (1024K)]
  0x00000208ea21a0d0 ConcurrentGCThread "G1 Refine#0"               [id=34904, stack(0x000000d58a100000,0x000000d58a200000) (1024K)]
  0x00000208ea21aa00 ConcurrentGCThread "G1 Service"                [id=18072, stack(0x000000d58a200000,0x000000d58a300000) (1024K)]
Total: 18

Threads with active compile tasks:
C2 CompilerThread1  3262 2166       4       jdk.jfr.internal.MetadataWriter::write (168 bytes)
Total: 1

VM state: not at safepoint (normal execution)

VM Mutex/Monitor currently owned by a thread: None

Heap address: 0x0000000605000000, size: 8112 MB, Compressed Oops mode: Zero based, Oop shift amount: 3

CDS archive(s) mapped at: [0x0000020880000000-0x0000020880d40000-0x0000020880d40000), size 13893632, SharedBaseAddress: 0x0000020880000000, ArchiveRelocationMode: 1.
Compressed class space mapped at: 0x0000020881000000-0x00000208c1000000, reserved size: 1073741824
UseCompressedClassPointers 1, UseCompactObjectHeaders 0
Narrow klass pointer bits 32, Max shift 3
Narrow klass base: 0x0000020880000000, Narrow klass shift: 0
Encoding Range: [0x0000020880000000 - 0x0000020980000000), (4294967296 bytes)
Klass Range:    [0x0000020880000000 - 0x00000208c1000000), (1090519040 bytes)
Klass ID Range:  [8 - 1090519033) (1090519025)

GC Precious Log:
 CardTable entry size: 512
 Card Set container configuration: InlinePtr #cards 4 size 8 Array Of Cards #cards 32 size 80 Howl #buckets 8 coarsen threshold 7372 Howl Bitmap #cards 1024 size 144 coarsen threshold 921 Card regions per heap region 1 cards per card region 8192
 CPUs: 20 total, 20 available
 Memory: 32439M
 Large Page Support: Disabled
 NUMA Support: Disabled
 Compressed Oops: Enabled (Zero based)
 Heap Region Size: 4M
 Heap Min Capacity: 8M
 Heap Initial Capacity: 508M
 Heap Max Capacity: 8112M
 Pre-touch: Disabled
 Parallel Workers: 15
 Concurrent Workers: 4
 Concurrent Refinement Workers: 15
 Periodic GC: Disabled

Heap:
 garbage-first heap   total reserved 8306688K, committed 524288K, used 29052K [0x0000000605000000, 0x0000000800000000)
  region size 4096K, 7 young (28672K), 2 survivors (8192K)
 Metaspace       used 7964K, committed 8192K, reserved 1114112K
  class space    used 728K, committed 832K, reserved 1048576K

Heap Regions: E=young(eden), S=young(survivor), O=old, HS=humongous(starts), HC=humongous(continues), CS=collection set, F=free, TAMS=top-at-mark-start, PB=parsable bottom
|   0|0x0000000605000000, 0x0000000605343000, 0x0000000605400000| 81%| O|  |TAMS 0x0000000605000000| PB 0x0000000605000000| Untracked |  0
|   1|0x0000000605400000, 0x0000000605400000, 0x0000000605800000|  0%| F|  |TAMS 0x0000000605400000| PB 0x0000000605400000| Untracked |  0
|   2|0x0000000605800000, 0x0000000605800000, 0x0000000605c00000|  0%| F|  |TAMS 0x0000000605800000| PB 0x0000000605800000| Untracked |  0
|   3|0x0000000605c00000, 0x0000000605c00000, 0x0000000606000000|  0%| F|  |TAMS 0x0000000605c00000| PB 0x0000000605c00000| Untracked |  0
|   4|0x0000000606000000, 0x0000000606000000, 0x0000000606400000|  0%| F|  |TAMS 0x0000000606000000| PB 0x0000000606000000| Untracked |  0
|   5|0x0000000606400000, 0x0000000606400000, 0x0000000606800000|  0%| F|  |TAMS 0x0000000606400000| PB 0x0000000606400000| Untracked |  0
|   6|0x0000000606800000, 0x0000000606800000, 0x0000000606c00000|  0%| F|  |TAMS 0x0000000606800000| PB 0x0000000606800000| Untracked |  0
|   7|0x0000000606c00000, 0x0000000606c00000, 0x0000000607000000|  0%| F|  |TAMS 0x0000000606c00000| PB 0x0000000606c00000| Untracked |  0
|   8|0x0000000607000000, 0x0000000607000000, 0x0000000607400000|  0%| F|  |TAMS 0x0000000607000000| PB 0x0000000607000000| Untracked |  0
|   9|0x0000000607400000, 0x0000000607400000, 0x0000000607800000|  0%| F|  |TAMS 0x0000000607400000| PB 0x0000000607400000| Untracked |  0
|  10|0x0000000607800000, 0x0000000607800000, 0x0000000607c00000|  0%| F|  |TAMS 0x0000000607800000| PB 0x0000000607800000| Untracked |  0
|  11|0x0000000607c00000, 0x0000000607c00000, 0x0000000608000000|  0%| F|  |TAMS 0x0000000607c00000| PB 0x0000000607c00000| Untracked |  0
|  12|0x0000000608000000, 0x0000000608000000, 0x0000000608400000|  0%| F|  |TAMS 0x0000000608000000| PB 0x0000000608000000| Untracked |  0
|  13|0x0000000608400000, 0x0000000608400000, 0x0000000608800000|  0%| F|  |TAMS 0x0000000608400000| PB 0x0000000608400000| Untracked |  0
|  14|0x0000000608800000, 0x0000000608800000, 0x0000000608c00000|  0%| F|  |TAMS 0x0000000608800000| PB 0x0000000608800000| Untracked |  0
|  15|0x0000000608c00000, 0x0000000608c00000, 0x0000000609000000|  0%| F|  |TAMS 0x0000000608c00000| PB 0x0000000608c00000| Untracked |  0
|  16|0x0000000609000000, 0x0000000609000000, 0x0000000609400000|  0%| F|  |TAMS 0x0000000609000000| PB 0x0000000609000000| Untracked |  0
|  17|0x0000000609400000, 0x0000000609400000, 0x0000000609800000|  0%| F|  |TAMS 0x0000000609400000| PB 0x0000000609400000| Untracked |  0
|  18|0x0000000609800000, 0x0000000609800000, 0x0000000609c00000|  0%| F|  |TAMS 0x0000000609800000| PB 0x0000000609800000| Untracked |  0
|  19|0x0000000609c00000, 0x0000000609c00000, 0x000000060a000000|  0%| F|  |TAMS 0x0000000609c00000| PB 0x0000000609c00000| Untracked |  0
|  20|0x000000060a000000, 0x000000060a000000, 0x000000060a400000|  0%| F|  |TAMS 0x000000060a000000| PB 0x000000060a000000| Untracked |  0
|  21|0x000000060a400000, 0x000000060a400000, 0x000000060a800000|  0%| F|  |TAMS 0x000000060a400000| PB 0x000000060a400000| Untracked |  0
|  22|0x000000060a800000, 0x000000060a800000, 0x000000060ac00000|  0%| F|  |TAMS 0x000000060a800000| PB 0x000000060a800000| Untracked |  0
|  23|0x000000060ac00000, 0x000000060ac00000, 0x000000060b000000|  0%| F|  |TAMS 0x000000060ac00000| PB 0x000000060ac00000| Untracked |  0
|  24|0x000000060b000000, 0x000000060b000000, 0x000000060b400000|  0%| F|  |TAMS 0x000000060b000000| PB 0x000000060b000000| Untracked |  0
|  25|0x000000060b400000, 0x000000060b400000, 0x000000060b800000|  0%| F|  |TAMS 0x000000060b400000| PB 0x000000060b400000| Untracked |  0
|  26|0x000000060b800000, 0x000000060b800000, 0x000000060bc00000|  0%| F|  |TAMS 0x000000060b800000| PB 0x000000060b800000| Untracked |  0
|  27|0x000000060bc00000, 0x000000060bc00000, 0x000000060c000000|  0%| F|  |TAMS 0x000000060bc00000| PB 0x000000060bc00000| Untracked |  0
|  28|0x000000060c000000, 0x000000060c000000, 0x000000060c400000|  0%| F|  |TAMS 0x000000060c000000| PB 0x000000060c000000| Untracked |  0
|  29|0x000000060c400000, 0x000000060c400000, 0x000000060c800000|  0%| F|  |TAMS 0x000000060c400000| PB 0x000000060c400000| Untracked |  0
|  30|0x000000060c800000, 0x000000060c800000, 0x000000060cc00000|  0%| F|  |TAMS 0x000000060c800000| PB 0x000000060c800000| Untracked |  0
|  31|0x000000060cc00000, 0x000000060cc00000, 0x000000060d000000|  0%| F|  |TAMS 0x000000060cc00000| PB 0x000000060cc00000| Untracked |  0
|  32|0x000000060d000000, 0x000000060d000000, 0x000000060d400000|  0%| F|  |TAMS 0x000000060d000000| PB 0x000000060d000000| Untracked |  0
|  33|0x000000060d400000, 0x000000060d400000, 0x000000060d800000|  0%| F|  |TAMS 0x000000060d400000| PB 0x000000060d400000| Untracked |  0
|  34|0x000000060d800000, 0x000000060d800000, 0x000000060dc00000|  0%| F|  |TAMS 0x000000060d800000| PB 0x000000060d800000| Untracked |  0
|  35|0x000000060dc00000, 0x000000060dc00000, 0x000000060e000000|  0%| F|  |TAMS 0x000000060dc00000| PB 0x000000060dc00000| Untracked |  0
|  36|0x000000060e000000, 0x000000060e000000, 0x000000060e400000|  0%| F|  |TAMS 0x000000060e000000| PB 0x000000060e000000| Untracked |  0
|  37|0x000000060e400000, 0x000000060e400000, 0x000000060e800000|  0%| F|  |TAMS 0x000000060e400000| PB 0x000000060e400000| Untracked |  0
|  38|0x000000060e800000, 0x000000060e800000, 0x000000060ec00000|  0%| F|  |TAMS 0x000000060e800000| PB 0x000000060e800000| Untracked |  0
|  39|0x000000060ec00000, 0x000000060ec00000, 0x000000060f000000|  0%| F|  |TAMS 0x000000060ec00000| PB 0x000000060ec00000| Untracked |  0
|  40|0x000000060f000000, 0x000000060f000000, 0x000000060f400000|  0%| F|  |TAMS 0x000000060f000000| PB 0x000000060f000000| Untracked |  0
|  41|0x000000060f400000, 0x000000060f400000, 0x000000060f800000|  0%| F|  |TAMS 0x000000060f400000| PB 0x000000060f400000| Untracked |  0
|  42|0x000000060f800000, 0x000000060f800000, 0x000000060fc00000|  0%| F|  |TAMS 0x000000060f800000| PB 0x000000060f800000| Untracked |  0
|  43|0x000000060fc00000, 0x000000060fc00000, 0x0000000610000000|  0%| F|  |TAMS 0x000000060fc00000| PB 0x000000060fc00000| Untracked |  0
|  44|0x0000000610000000, 0x0000000610000000, 0x0000000610400000|  0%| F|  |TAMS 0x0000000610000000| PB 0x0000000610000000| Untracked |  0
|  45|0x0000000610400000, 0x0000000610400000, 0x0000000610800000|  0%| F|  |TAMS 0x0000000610400000| PB 0x0000000610400000| Untracked |  0
|  46|0x0000000610800000, 0x0000000610800000, 0x0000000610c00000|  0%| F|  |TAMS 0x0000000610800000| PB 0x0000000610800000| Untracked |  0
|  47|0x0000000610c00000, 0x0000000610c00000, 0x0000000611000000|  0%| F|  |TAMS 0x0000000610c00000| PB 0x0000000610c00000| Untracked |  0
|  48|0x0000000611000000, 0x0000000611000000, 0x0000000611400000|  0%| F|  |TAMS 0x0000000611000000| PB 0x0000000611000000| Untracked |  0
|  49|0x0000000611400000, 0x0000000611400000, 0x0000000611800000|  0%| F|  |TAMS 0x0000000611400000| PB 0x0000000611400000| Untracked |  0
|  50|0x0000000611800000, 0x0000000611800000, 0x0000000611c00000|  0%| F|  |TAMS 0x0000000611800000| PB 0x0000000611800000| Untracked |  0
|  51|0x0000000611c00000, 0x0000000611c00000, 0x0000000612000000|  0%| F|  |TAMS 0x0000000611c00000| PB 0x0000000611c00000| Untracked |  0
|  52|0x0000000612000000, 0x0000000612000000, 0x0000000612400000|  0%| F|  |TAMS 0x0000000612000000| PB 0x0000000612000000| Untracked |  0
|  53|0x0000000612400000, 0x0000000612400000, 0x0000000612800000|  0%| F|  |TAMS 0x0000000612400000| PB 0x0000000612400000| Untracked |  0
|  54|0x0000000612800000, 0x0000000612800000, 0x0000000612c00000|  0%| F|  |TAMS 0x0000000612800000| PB 0x0000000612800000| Untracked |  0
|  55|0x0000000612c00000, 0x0000000612c00000, 0x0000000613000000|  0%| F|  |TAMS 0x0000000612c00000| PB 0x0000000612c00000| Untracked |  0
|  56|0x0000000613000000, 0x0000000613000000, 0x0000000613400000|  0%| F|  |TAMS 0x0000000613000000| PB 0x0000000613000000| Untracked |  0
|  57|0x0000000613400000, 0x0000000613400000, 0x0000000613800000|  0%| F|  |TAMS 0x0000000613400000| PB 0x0000000613400000| Untracked |  0
|  58|0x0000000613800000, 0x0000000613800000, 0x0000000613c00000|  0%| F|  |TAMS 0x0000000613800000| PB 0x0000000613800000| Untracked |  0
|  59|0x0000000613c00000, 0x0000000613c00000, 0x0000000614000000|  0%| F|  |TAMS 0x0000000613c00000| PB 0x0000000613c00000| Untracked |  0
|  60|0x0000000614000000, 0x0000000614000000, 0x0000000614400000|  0%| F|  |TAMS 0x0000000614000000| PB 0x0000000614000000| Untracked |  0
|  61|0x0000000614400000, 0x0000000614400000, 0x0000000614800000|  0%| F|  |TAMS 0x0000000614400000| PB 0x0000000614400000| Untracked |  0
|  62|0x0000000614800000, 0x0000000614800000, 0x0000000614c00000|  0%| F|  |TAMS 0x0000000614800000| PB 0x0000000614800000| Untracked |  0
|  63|0x0000000614c00000, 0x0000000614c00000, 0x0000000615000000|  0%| F|  |TAMS 0x0000000614c00000| PB 0x0000000614c00000| Untracked |  0
|  64|0x0000000615000000, 0x0000000615000000, 0x0000000615400000|  0%| F|  |TAMS 0x0000000615000000| PB 0x0000000615000000| Untracked |  0
|  65|0x0000000615400000, 0x0000000615400000, 0x0000000615800000|  0%| F|  |TAMS 0x0000000615400000| PB 0x0000000615400000| Untracked |  0
|  66|0x0000000615800000, 0x0000000615800000, 0x0000000615c00000|  0%| F|  |TAMS 0x0000000615800000| PB 0x0000000615800000| Untracked |  0
|  67|0x0000000615c00000, 0x0000000615c00000, 0x0000000616000000|  0%| F|  |TAMS 0x0000000615c00000| PB 0x0000000615c00000| Untracked |  0
|  68|0x0000000616000000, 0x0000000616000000, 0x0000000616400000|  0%| F|  |TAMS 0x0000000616000000| PB 0x0000000616000000| Untracked |  0
|  69|0x0000000616400000, 0x0000000616400000, 0x0000000616800000|  0%| F|  |TAMS 0x0000000616400000| PB 0x0000000616400000| Untracked |  0
|  70|0x0000000616800000, 0x0000000616800000, 0x0000000616c00000|  0%| F|  |TAMS 0x0000000616800000| PB 0x0000000616800000| Untracked |  0
|  71|0x0000000616c00000, 0x0000000616c00000, 0x0000000617000000|  0%| F|  |TAMS 0x0000000616c00000| PB 0x0000000616c00000| Untracked |  0
|  72|0x0000000617000000, 0x0000000617000000, 0x0000000617400000|  0%| F|  |TAMS 0x0000000617000000| PB 0x0000000617000000| Untracked |  0
|  73|0x0000000617400000, 0x0000000617400000, 0x0000000617800000|  0%| F|  |TAMS 0x0000000617400000| PB 0x0000000617400000| Untracked |  0
|  74|0x0000000617800000, 0x0000000617800000, 0x0000000617c00000|  0%| F|  |TAMS 0x0000000617800000| PB 0x0000000617800000| Untracked |  0
|  75|0x0000000617c00000, 0x0000000617c00000, 0x0000000618000000|  0%| F|  |TAMS 0x0000000617c00000| PB 0x0000000617c00000| Untracked |  0
|  76|0x0000000618000000, 0x0000000618000000, 0x0000000618400000|  0%| F|  |TAMS 0x0000000618000000| PB 0x0000000618000000| Untracked |  0
|  77|0x0000000618400000, 0x0000000618400000, 0x0000000618800000|  0%| F|  |TAMS 0x0000000618400000| PB 0x0000000618400000| Untracked |  0
|  78|0x0000000618800000, 0x0000000618800000, 0x0000000618c00000|  0%| F|  |TAMS 0x0000000618800000| PB 0x0000000618800000| Untracked |  0
|  79|0x0000000618c00000, 0x0000000618c00000, 0x0000000619000000|  0%| F|  |TAMS 0x0000000618c00000| PB 0x0000000618c00000| Untracked |  0
|  80|0x0000000619000000, 0x0000000619000000, 0x0000000619400000|  0%| F|  |TAMS 0x0000000619000000| PB 0x0000000619000000| Untracked |  0
|  81|0x0000000619400000, 0x0000000619400000, 0x0000000619800000|  0%| F|  |TAMS 0x0000000619400000| PB 0x0000000619400000| Untracked |  0
|  82|0x0000000619800000, 0x0000000619800000, 0x0000000619c00000|  0%| F|  |TAMS 0x0000000619800000| PB 0x0000000619800000| Untracked |  0
|  83|0x0000000619c00000, 0x0000000619c00000, 0x000000061a000000|  0%| F|  |TAMS 0x0000000619c00000| PB 0x0000000619c00000| Untracked |  0
|  84|0x000000061a000000, 0x000000061a000000, 0x000000061a400000|  0%| F|  |TAMS 0x000000061a000000| PB 0x000000061a000000| Untracked |  0
|  85|0x000000061a400000, 0x000000061a400000, 0x000000061a800000|  0%| F|  |TAMS 0x000000061a400000| PB 0x000000061a400000| Untracked |  0
|  86|0x000000061a800000, 0x000000061a800000, 0x000000061ac00000|  0%| F|  |TAMS 0x000000061a800000| PB 0x000000061a800000| Untracked |  0
|  87|0x000000061ac00000, 0x000000061ac00000, 0x000000061b000000|  0%| F|  |TAMS 0x000000061ac00000| PB 0x000000061ac00000| Untracked |  0
|  88|0x000000061b000000, 0x000000061b000000, 0x000000061b400000|  0%| F|  |TAMS 0x000000061b000000| PB 0x000000061b000000| Untracked |  0
|  89|0x000000061b400000, 0x000000061b400000, 0x000000061b800000|  0%| F|  |TAMS 0x000000061b400000| PB 0x000000061b400000| Untracked |  0
|  90|0x000000061b800000, 0x000000061b800000, 0x000000061bc00000|  0%| F|  |TAMS 0x000000061b800000| PB 0x000000061b800000| Untracked |  0
|  91|0x000000061bc00000, 0x000000061bc00000, 0x000000061c000000|  0%| F|  |TAMS 0x000000061bc00000| PB 0x000000061bc00000| Untracked |  0
|  92|0x000000061c000000, 0x000000061c000000, 0x000000061c400000|  0%| F|  |TAMS 0x000000061c000000| PB 0x000000061c000000| Untracked |  0
|  93|0x000000061c400000, 0x000000061c400000, 0x000000061c800000|  0%| F|  |TAMS 0x000000061c400000| PB 0x000000061c400000| Untracked |  0
|  94|0x000000061c800000, 0x000000061c800000, 0x000000061cc00000|  0%| F|  |TAMS 0x000000061c800000| PB 0x000000061c800000| Untracked |  0
|  95|0x000000061cc00000, 0x000000061cc00000, 0x000000061d000000|  0%| F|  |TAMS 0x000000061cc00000| PB 0x000000061cc00000| Untracked |  0
|  96|0x000000061d000000, 0x000000061d000000, 0x000000061d400000|  0%| F|  |TAMS 0x000000061d000000| PB 0x000000061d000000| Untracked |  0
|  97|0x000000061d400000, 0x000000061d400000, 0x000000061d800000|  0%| F|  |TAMS 0x000000061d400000| PB 0x000000061d400000| Untracked |  0
|  98|0x000000061d800000, 0x000000061d800000, 0x000000061dc00000|  0%| F|  |TAMS 0x000000061d800000| PB 0x000000061d800000| Untracked |  0
|  99|0x000000061dc00000, 0x000000061dc00000, 0x000000061e000000|  0%| F|  |TAMS 0x000000061dc00000| PB 0x000000061dc00000| Untracked |  0
| 100|0x000000061e000000, 0x000000061e000000, 0x000000061e400000|  0%| F|  |TAMS 0x000000061e000000| PB 0x000000061e000000| Untracked |  0
| 101|0x000000061e400000, 0x000000061e400000, 0x000000061e800000|  0%| F|  |TAMS 0x000000061e400000| PB 0x000000061e400000| Untracked |  0
| 102|0x000000061e800000, 0x000000061e800000, 0x000000061ec00000|  0%| F|  |TAMS 0x000000061e800000| PB 0x000000061e800000| Untracked |  0
| 103|0x000000061ec00000, 0x000000061ec00000, 0x000000061f000000|  0%| F|  |TAMS 0x000000061ec00000| PB 0x000000061ec00000| Untracked |  0
| 104|0x000000061f000000, 0x000000061f000000, 0x000000061f400000|  0%| F|  |TAMS 0x000000061f000000| PB 0x000000061f000000| Untracked |  0
| 105|0x000000061f400000, 0x000000061f400000, 0x000000061f800000|  0%| F|  |TAMS 0x000000061f400000| PB 0x000000061f400000| Untracked |  0
| 106|0x000000061f800000, 0x000000061f800000, 0x000000061fc00000|  0%| F|  |TAMS 0x000000061f800000| PB 0x000000061f800000| Untracked |  0
| 107|0x000000061fc00000, 0x000000061fc00000, 0x0000000620000000|  0%| F|  |TAMS 0x000000061fc00000| PB 0x000000061fc00000| Untracked |  0
| 108|0x0000000620000000, 0x0000000620000000, 0x0000000620400000|  0%| F|  |TAMS 0x0000000620000000| PB 0x0000000620000000| Untracked |  0
| 109|0x0000000620400000, 0x0000000620400000, 0x0000000620800000|  0%| F|  |TAMS 0x0000000620400000| PB 0x0000000620400000| Untracked |  0
| 110|0x0000000620800000, 0x0000000620800000, 0x0000000620c00000|  0%| F|  |TAMS 0x0000000620800000| PB 0x0000000620800000| Untracked |  0
| 111|0x0000000620c00000, 0x0000000620c00000, 0x0000000621000000|  0%| F|  |TAMS 0x0000000620c00000| PB 0x0000000620c00000| Untracked |  0
| 112|0x0000000621000000, 0x0000000621000000, 0x0000000621400000|  0%| F|  |TAMS 0x0000000621000000| PB 0x0000000621000000| Untracked |  0
| 113|0x0000000621400000, 0x0000000621800000, 0x0000000621800000|100%| S|CS|TAMS 0x0000000621400000| PB 0x0000000621400000| Complete |  0
| 114|0x0000000621800000, 0x0000000621c00000, 0x0000000621c00000|100%| S|CS|TAMS 0x0000000621800000| PB 0x0000000621800000| Complete |  0
| 115|0x0000000621c00000, 0x0000000621c00000, 0x0000000622000000|  0%| F|  |TAMS 0x0000000621c00000| PB 0x0000000621c00000| Untracked |  0
| 116|0x0000000622000000, 0x0000000622000000, 0x0000000622400000|  0%| F|  |TAMS 0x0000000622000000| PB 0x0000000622000000| Untracked |  0
| 117|0x0000000622400000, 0x0000000622400000, 0x0000000622800000|  0%| F|  |TAMS 0x0000000622400000| PB 0x0000000622400000| Untracked |  0
| 118|0x0000000622800000, 0x0000000622800000, 0x0000000622c00000|  0%| F|  |TAMS 0x0000000622800000| PB 0x0000000622800000| Untracked |  0
| 119|0x0000000622c00000, 0x0000000622c00000, 0x0000000623000000|  0%| F|  |TAMS 0x0000000622c00000| PB 0x0000000622c00000| Untracked |  0
| 120|0x0000000623000000, 0x0000000623000000, 0x0000000623400000|  0%| F|  |TAMS 0x0000000623000000| PB 0x0000000623000000| Untracked |  0
| 121|0x0000000623400000, 0x0000000623400000, 0x0000000623800000|  0%| F|  |TAMS 0x0000000623400000| PB 0x0000000623400000| Untracked |  0
| 122|0x0000000623800000, 0x0000000623a677c8, 0x0000000623c00000| 60%| E|  |TAMS 0x0000000623800000| PB 0x0000000623800000| Complete |  0
| 123|0x0000000623c00000, 0x0000000624000000, 0x0000000624000000|100%| E|CS|TAMS 0x0000000623c00000| PB 0x0000000623c00000| Complete |  0
| 124|0x0000000624000000, 0x0000000624400000, 0x0000000624400000|100%| E|CS|TAMS 0x0000000624000000| PB 0x0000000624000000| Complete |  0
| 125|0x0000000624400000, 0x0000000624800000, 0x0000000624800000|100%| E|CS|TAMS 0x0000000624400000| PB 0x0000000624400000| Complete |  0
| 126|0x0000000624800000, 0x0000000624c00000, 0x0000000624c00000|100%| E|CS|TAMS 0x0000000624800000| PB 0x0000000624800000| Complete |  0
|2027|0x00000007ffc00000, 0x00000007ffd1c288, 0x0000000800000000| 27%| O|  |TAMS 0x00000007ffc00000| PB 0x00000007ffc00000| Untracked |  0

Card table byte_map: [0x00000208df0a0000,0x00000208e0080000] _byte_map_base: 0x00000208dc078000

Marking Bits: (CMBitMap*) 0x00000208c5cf3110
 Bits: [0x00000208e0080000, 0x00000208e7f40000)

Polling page: 0x00000208c3720000

Metaspace:

Usage:
  Non-class:      7.07 MB used.
      Class:    728.33 KB used.
       Both:      7.78 MB used.

Virtual space:
  Non-class space:       64.00 MB reserved,       7.19 MB ( 11%) committed,  1 nodes.
      Class space:        1.00 GB reserved,     832.00 KB ( <1%) committed,  1 nodes.
             Both:        1.06 GB reserved,       8.00 MB ( <1%) committed. 

Chunk freelists:
   Non-Class:  8.47 MB
       Class:  15.19 MB
        Both:  23.67 MB

MaxMetaspaceSize: unlimited
CompressedClassSpaceSize: 1.00 GB
Initial GC threshold: 21.00 MB
Current GC threshold: 21.00 MB
CDS: on
 - commit_granule_bytes: 65536.
 - commit_granule_words: 8192.
 - virtual_space_node_default_size: 8388608.
 - enlarge_chunks_in_place: 1.
UseCompressedClassPointers 1, UseCompactObjectHeaders 0
Narrow klass pointer bits 32, Max shift 3
Narrow klass base: 0x0000020880000000, Narrow klass shift: 0
Encoding Range: [0x0000020880000000 - 0x0000020980000000), (4294967296 bytes)
Klass Range:    [0x0000020880000000 - 0x00000208c1000000), (1090519040 bytes)
Klass ID Range:  [8 - 1090519033) (1090519025)


Internal statistics:

num_allocs_failed_limit: 0.
num_arena_births: 192.
num_arena_deaths: 0.
num_vsnodes_births: 2.
num_vsnodes_deaths: 0.
num_space_committed: 128.
num_space_uncommitted: 0.
num_chunks_returned_to_freelist: 0.
num_chunks_taken_from_freelist: 291.
num_chunk_merges: 0.
num_chunk_splits: 149.
num_chunks_enlarged: 20.
num_inconsistent_stats: 0.

CodeHeap 'non-profiled nmethods': size=119232Kb used=823Kb max_used=823Kb free=118408Kb
 bounds [0x00000208d6080000, 0x00000208d62f0000, 0x00000208dd4f0000]
CodeHeap 'profiled nmethods': size=119104Kb used=3346Kb max_used=3346Kb free=115757Kb
 bounds [0x00000208ce4f0000, 0x00000208ce840000, 0x00000208d5940000]
CodeHeap 'non-nmethods': size=7424Kb used=3031Kb max_used=3061Kb free=4393Kb
 bounds [0x00000208d5940000, 0x00000208d5c50000, 0x00000208d6080000]
CodeCache: size=245760Kb, used=7200Kb, max_used=7230Kb, free=238558Kb
 total_blobs=2702, nmethods=2193, adapters=411, full_count=0
Compilation: enabled, stopped_count=0, restarted_count=0

Compilation events (20 events):
Event: 3.148 Thread 0x00000208c10809d0 nmethod 2191 0x00000208d6149388 code [0x00000208d6149480, 0x00000208d6149548]
Event: 3.148 Thread 0x00000208ea312230 2189       1       jdk.jfr.internal.EventControl::getSettingsId (5 bytes)
Event: 3.148 Thread 0x00000208c20992b0 nmethod 2188 0x00000208d6149688 code [0x00000208d6149780, 0x00000208d6149848]
Event: 3.148 Thread 0x00000208c10809d0 2190       1       jdk.jfr.internal.EventControl::getNamedControls (5 bytes)
Event: 3.148 Thread 0x00000208ea312230 nmethod 2189 0x00000208d6149988 code [0x00000208d6149a80, 0x00000208d6149b48]
Event: 3.148 Thread 0x00000208c10809d0 nmethod 2190 0x00000208d6149c88 code [0x00000208d6149d80, 0x00000208d6149e48]
Event: 3.148 Thread 0x00000208c209ed70 nmethod 2192 0x00000208ce832788 code [0x00000208ce832a20, 0x00000208ce833e78]
Event: 3.149 Thread 0x00000208c209ed70 2193       1       jdk.jfr.internal.periodic.EventTask::getEventType (5 bytes)
Event: 3.149 Thread 0x00000208c209ed70 nmethod 2193 0x00000208d6149f88 code [0x00000208d614a080, 0x00000208d614a148]
Event: 3.149 Thread 0x00000208ea312230 2194       3       java.util.Comparator$$Lambda/0x00000208810a2b98::compare (10 bytes)
Event: 3.149 Thread 0x00000208c209ed70 2195       1       jdk.jfr.internal.periodic.PeriodicTask::getPeriod (5 bytes)
Event: 3.149 Thread 0x00000208c20992b0 2196       3       java.util.Comparator::lambda$comparingLong$6043328a$1 (18 bytes)
Event: 3.149 Thread 0x00000208c209b880 nmethod 2162 0x00000208d614a288 code [0x00000208d614a400, 0x00000208d614ac30]
Event: 3.149 Thread 0x00000208c209ed70 nmethod 2195 0x00000208d614ad08 code [0x00000208d614ae00, 0x00000208d614aec8]
Event: 3.150 Thread 0x00000208ea312230 nmethod 2194 0x00000208ce833f08 code [0x00000208ce834060, 0x00000208ce8344d8]
Event: 3.150 Thread 0x00000208c20992b0 nmethod 2196 0x00000208ce834508 code [0x00000208ce834660, 0x00000208ce834a40]
Event: 3.150 Thread 0x00000208c209b880 2175       4       java.util.AbstractMap::<init> (5 bytes)
Event: 3.150 Thread 0x00000208c209b880 nmethod 2175 0x00000208d614b008 code [0x00000208d614b100, 0x00000208d614b178]
Event: 3.152 Thread 0x00000208ea30f6a0 nmethod 2178 0x00000208d614b308 code [0x00000208d614b420, 0x00000208d614b920]
Event: 3.156 Thread 0x00000208c209c010 nmethod 2142 0x00000208d614b988 code [0x00000208d614bca0, 0x00000208d614dd40]

GC Heap History (2 events):
Event: 0.440 GC heap before
{Heap before GC invocations=0 (full 0):
 garbage-first heap   total reserved 8306688K, committed 524288K, used 50288K [0x0000000605000000, 0x0000000800000000)
  region size 4096K, 12 young (49152K), 0 survivors (0K)
 Metaspace       used 5704K, committed 5824K, reserved 1114112K
  class space    used 472K, committed 512K, reserved 1048576K
}
Event: 0.444 GC heap after
{Heap after GC invocations=1 (full 0):
 garbage-first heap   total reserved 8306688K, committed 524288K, used 12668K [0x0000000605000000, 0x0000000800000000)
  region size 4096K, 2 young (8192K), 2 survivors (8192K)
 Metaspace       used 5704K, committed 5824K, reserved 1114112K
  class space    used 472K, committed 512K, reserved 1048576K
}

Dll operation events (12 events):
Event: 0.005 Loaded shared library C:\Users\Ekamo\.jdks\openjdk-24.0.1\bin\java.dll
Event: 0.023 Loaded shared library C:\Users\Ekamo\.jdks\openjdk-24.0.1\bin\jsvml.dll
Event: 0.041 Loaded shared library C:\Users\Ekamo\.jdks\openjdk-24.0.1\bin\zip.dll
Event: 0.043 Loaded shared library C:\Users\Ekamo\.jdks\openjdk-24.0.1\bin\instrument.dll
Event: 0.046 Loaded shared library C:\Users\Ekamo\.jdks\openjdk-24.0.1\bin\net.dll
Event: 0.047 Loaded shared library C:\Users\Ekamo\.jdks\openjdk-24.0.1\bin\nio.dll
Event: 0.049 Loaded shared library C:\Users\Ekamo\.jdks\openjdk-24.0.1\bin\zip.dll
Event: 0.060 Loaded shared library C:\Users\Ekamo\.jdks\openjdk-24.0.1\bin\extnet.dll
Event: 0.081 Loaded shared library C:\Users\Ekamo\.jdks\openjdk-24.0.1\bin\jimage.dll
Event: 0.145 Loaded shared library C:\Users\Ekamo\.jdks\openjdk-24.0.1\bin\management.dll
Event: 0.164 Loaded shared library C:\Users\Ekamo\.jdks\openjdk-24.0.1\bin\management_ext.dll
Event: 3.028 Loaded shared library C:\Users\Ekamo\AppData\Local\Temp\idea_libasyncProfiler_dll_temp_folder\libasyncProfiler.dll

Deoptimization events (20 events):
Event: 3.103 Thread 0x00000208ea3051d0 Uncommon trap: trap_request=0xffffffde fr.pc=0x00000208d6130690 relative=0x0000000000000070
Event: 3.103 Thread 0x00000208ea3051d0 Uncommon trap: reason=class_check action=maybe_recompile pc=0x00000208d6130690 method=jdk.jfr.FlightRecorderPermission$InternalAccess.getType(Ljava/lang/Object;)Ljdk/jfr/internal/Type; @ 18 c2
Event: 3.103 Thread 0x00000208ea3051d0 DEOPT PACKING pc=0x00000208d6130690 sp=0x000000d58a8fe350
Event: 3.103 Thread 0x00000208ea3051d0 DEOPT UNPACKING pc=0x00000208d5a56b82 sp=0x000000d58a8fe2e8 mode 2
Event: 3.104 Thread 0x00000208ea3051d0 Uncommon trap: trap_request=0xffffffde fr.pc=0x00000208d6130690 relative=0x0000000000000070
Event: 3.104 Thread 0x00000208ea3051d0 Uncommon trap: reason=class_check action=maybe_recompile pc=0x00000208d6130690 method=jdk.jfr.FlightRecorderPermission$InternalAccess.getType(Ljava/lang/Object;)Ljdk/jfr/internal/Type; @ 18 c2
Event: 3.104 Thread 0x00000208ea3051d0 DEOPT PACKING pc=0x00000208d6130690 sp=0x000000d58a8fe350
Event: 3.104 Thread 0x00000208ea3051d0 DEOPT UNPACKING pc=0x00000208d5a56b82 sp=0x000000d58a8fe2e8 mode 2
Event: 3.134 Thread 0x00000208ea3051d0 Uncommon trap: trap_request=0xffffff4d fr.pc=0x00000208d612bd14 relative=0x00000000000000f4
Event: 3.135 Thread 0x00000208ea3051d0 Uncommon trap: reason=unstable_if action=reinterpret pc=0x00000208d612bd14 method=java.lang.Long.valueOf(J)Ljava/lang/Long; @ 9 c2
Event: 3.135 Thread 0x00000208ea3051d0 DEOPT PACKING pc=0x00000208d612bd14 sp=0x000000d58a8fe6d0
Event: 3.135 Thread 0x00000208ea3051d0 DEOPT UNPACKING pc=0x00000208d5a56b82 sp=0x000000d58a8fe668 mode 2
Event: 3.138 Thread 0x00000208ea3051d0 Uncommon trap: trap_request=0xffffff4d fr.pc=0x00000208d614232c relative=0x000000000000020c
Event: 3.138 Thread 0x00000208ea3051d0 Uncommon trap: reason=unstable_if action=reinterpret pc=0x00000208d614232c method=java.io.ByteArrayOutputStream.ensureCapacity(I)V @ 11 c2
Event: 3.138 Thread 0x00000208ea3051d0 DEOPT PACKING pc=0x00000208d614232c sp=0x000000d58a8fe4e0
Event: 3.138 Thread 0x00000208ea3051d0 DEOPT UNPACKING pc=0x00000208d5a56b82 sp=0x000000d58a8fe418 mode 2
Event: 3.140 Thread 0x00000208ea3051d0 Uncommon trap: trap_request=0xffffff4d fr.pc=0x00000208d6143a70 relative=0x00000000000003d0
Event: 3.140 Thread 0x00000208ea3051d0 Uncommon trap: reason=unstable_if action=reinterpret pc=0x00000208d6143a70 method=java.io.ByteArrayOutputStream.ensureCapacity(I)V @ 11 c2
Event: 3.140 Thread 0x00000208ea3051d0 DEOPT PACKING pc=0x00000208d6143a70 sp=0x000000d58a8fe440
Event: 3.140 Thread 0x00000208ea3051d0 DEOPT UNPACKING pc=0x00000208d5a56b82 sp=0x000000d58a8fe320 mode 2

Classes loaded (20 events):
Event: 3.131 Loading class jdk/jfr/internal/MetadataWriter
Event: 3.131 Loading class jdk/jfr/internal/MetadataWriter done
Event: 3.131 Loading class jdk/jfr/internal/MetadataDescriptor$Element
Event: 3.131 Loading class jdk/jfr/internal/MetadataDescriptor$Element done
Event: 3.132 Loading class jdk/jfr/internal/MetadataDescriptor$Attribute
Event: 3.132 Loading class jdk/jfr/internal/MetadataDescriptor$Attribute done
Event: 3.136 Loading class jdk/jfr/internal/consumer/StringParser$Encoding
Event: 3.136 Loading class jdk/jfr/internal/consumer/StringParser$Encoding done
Event: 3.142 Loading class jdk/jfr/internal/consumer/RepositoryFiles
Event: 3.142 Loading class jdk/jfr/internal/consumer/RepositoryFiles done
Event: 3.145 Loading class jdk/jfr/internal/SettingsManager$InternalSetting
Event: 3.145 Loading class jdk/jfr/internal/SettingsManager$InternalSetting done
Event: 3.146 Loading class jdk/jfr/internal/util/Rate
Event: 3.146 Loading class jdk/jfr/internal/util/Rate done
Event: 3.146 Loading class jdk/jfr/internal/util/TimespanUnit
Event: 3.146 Loading class jdk/jfr/internal/util/TimespanUnit done
Event: 3.147 Loading class jdk/jfr/internal/util/ValueParser
Event: 3.147 Loading class jdk/jfr/internal/util/ValueParser done
Event: 3.147 Loading class jdk/jfr/internal/periodic/PeriodicType
Event: 3.147 Loading class jdk/jfr/internal/periodic/PeriodicType done

Classes unloaded (0 events):
No events

Classes redefined (0 events):
No events

Internal exceptions (20 events):
Event: 0.478 Thread 0x00000208c217fa70 Exception <a 'java/lang/NoSuchMethodError'{0x000000062444fd40}: 'java.lang.Object java.lang.invoke.Invokers$Holder.invokeExact_MT(java.lang.Object, java.lang.Object, java.lang.Object, java.lang.Object, java.lang.Object, java.lang.Object)'> (0x000000062444fd40) 
thrown [s\open\src\hotspot\share\interpreter\linkResolver.cpp, line 805]
Event: 0.480 Thread 0x00000208c217fa70 Exception <a 'java/lang/NoSuchMethodError'{0x000000062445ba80}: 'java.lang.Object java.lang.invoke.DirectMethodHandle$Holder.invokeInterface(java.lang.Object, java.lang.Object, java.lang.Object, java.lang.Object, java.lang.Object)'> (0x000000062445ba80) 
thrown [s\open\src\hotspot\share\interpreter\linkResolver.cpp, line 805]
Event: 0.483 Thread 0x00000208c217fa70 Exception <a 'java/lang/NoSuchMethodError'{0x00000006244a6488}: 'double java.lang.invoke.DirectMethodHandle$Holder.invokeInterface(java.lang.Object, java.lang.Object)'> (0x00000006244a6488) 
thrown [s\open\src\hotspot\share\interpreter\linkResolver.cpp, line 805]
Event: 0.483 Thread 0x00000208c217fa70 Exception <a 'java/lang/NoSuchMethodError'{0x00000006244b70f8}: 'double java.lang.invoke.DelegatingMethodHandle$Holder.reinvoke_L(java.lang.Object, java.lang.Object)'> (0x00000006244b70f8) 
thrown [s\open\src\hotspot\share\interpreter\linkResolver.cpp, line 805]
Event: 0.739 Thread 0x00000208c217fa70 Exception <a 'java/lang/NoSuchMethodError'{0x00000006244def68}: 'long java.lang.invoke.DirectMethodHandle$Holder.invokeVirtual(java.lang.Object, java.lang.Object)'> (0x00000006244def68) 
thrown [s\open\src\hotspot\share\interpreter\linkResolver.cpp, line 805]
Event: 0.740 Thread 0x00000208c217fa70 Exception <a 'java/lang/NoSuchMethodError'{0x00000006244e7258}: 'java.lang.Object java.lang.invoke.DirectMethodHandle$Holder.invokeStatic(java.lang.Object, long)'> (0x00000006244e7258) 
thrown [s\open\src\hotspot\share\interpreter\linkResolver.cpp, line 805]
Event: 0.740 Thread 0x00000208c217fa70 Exception <a 'java/lang/NoSuchMethodError'{0x00000006244f7300}: 'long java.lang.invoke.DelegatingMethodHandle$Holder.reinvoke_L(java.lang.Object, java.lang.Object)'> (0x00000006244f7300) 
thrown [s\open\src\hotspot\share\interpreter\linkResolver.cpp, line 805]
Event: 3.042 Thread 0x00000208ea3051d0 Exception <a 'java/lang/NoSuchMethodError'{0x00000006248ebc80}: 'java.lang.Object java.lang.invoke.DirectMethodHandle$Holder.invokeStatic(java.lang.Object, int, java.lang.Object)'> (0x00000006248ebc80) 
thrown [s\open\src\hotspot\share\interpreter\linkResolver.cpp, line 805]
Event: 3.044 Thread 0x00000208ea3051d0 Implicit null exception at 0x00000208d60bce78 to 0x00000208d60bd14c
Event: 3.044 Thread 0x00000208ea3051d0 Implicit null exception at 0x00000208d60abdda to 0x00000208d60ac080
Event: 3.050 Thread 0x00000208ea3051d0 Exception <a 'java/lang/NoSuchMethodError'{0x0000000624651a38}: 'void java.lang.invoke.DirectMethodHandle$Holder.invokeStaticInit(java.lang.Object)'> (0x0000000624651a38) 
thrown [s\open\src\hotspot\share\interpreter\linkResolver.cpp, line 805]
Event: 3.054 Thread 0x00000208ea3051d0 Exception <a 'java/lang/NoSuchMethodError'{0x00000006246b0278}: 'java.lang.Object java.lang.invoke.DirectMethodHandle$Holder.newInvokeSpecial(java.lang.Object, java.lang.Object, java.lang.Object, java.lang.Object, java.lang.Object)'> (0x00000006246b0278) 
thrown [s\open\src\hotspot\share\interpreter\linkResolver.cpp, line 805]
Event: 3.075 Thread 0x00000208ea3051d0 Exception <a 'java/lang/NoSuchMethodError'{0x00000006240558f8}: 'int java.lang.invoke.DirectMethodHandle$Holder.invokeStatic(java.lang.Object, java.lang.Object, java.lang.Object, java.lang.Object)'> (0x00000006240558f8) 
thrown [s\open\src\hotspot\share\interpreter\linkResolver.cpp, line 805]
Event: 3.122 Thread 0x00000208ea3051d0 Exception <a 'java/lang/NoSuchMethodError'{0x0000000623d0f710}: 'void java.lang.invoke.DirectMethodHandle$Holder.invokeSpecial(java.lang.Object, java.lang.Object, int)'> (0x0000000623d0f710) 
thrown [s\open\src\hotspot\share\interpreter\linkResolver.cpp, line 805]
Event: 3.122 Thread 0x00000208ea3051d0 Exception <a 'java/lang/NoSuchMethodError'{0x0000000623d17330}: 'void java.lang.invoke.Invokers$Holder.invokeExact_MT(java.lang.Object, int, java.lang.Object)'> (0x0000000623d17330) 
thrown [s\open\src\hotspot\share\interpreter\linkResolver.cpp, line 805]
Event: 3.124 Thread 0x00000208ea3051d0 Exception <a 'java/lang/NoSuchMethodError'{0x0000000623d31b10}: 'void java.lang.invoke.DirectMethodHandle$Holder.invokeStatic(java.lang.Object, java.lang.Object, int)'> (0x0000000623d31b10) 
thrown [s\open\src\hotspot\share\interpreter\linkResolver.cpp, line 805]
Event: 3.124 Thread 0x00000208ea3051d0 Exception <a 'java/lang/NoSuchMethodError'{0x0000000623d40a18}: 'java.lang.Object java.lang.invoke.DirectMethodHandle$Holder.newInvokeSpecial(java.lang.Object, java.lang.Object, int)'> (0x0000000623d40a18) 
thrown [s\open\src\hotspot\share\interpreter\linkResolver.cpp, line 805]
Event: 3.126 Thread 0x00000208ea3051d0 Exception <a 'sun/nio/fs/WindowsException'{0x0000000623e49f40}> (0x0000000623e49f40) 
thrown [s\open\src\hotspot\share\prims\jni.cpp, line 518]
Event: 3.128 Thread 0x00000208ea3051d0 Exception <a 'sun/nio/fs/WindowsException'{0x0000000623e56d28}> (0x0000000623e56d28) 
thrown [s\open\src\hotspot\share\prims\jni.cpp, line 518]
Event: 3.130 Thread 0x00000208ea3051d0 Exception <a 'sun/nio/fs/WindowsException'{0x0000000623e68ae8}> (0x0000000623e68ae8) 
thrown [s\open\src\hotspot\share\prims\jni.cpp, line 518]

VM Operations (16 events):
Event: 0.085 Executing VM operation: HandshakeAllThreads (Deoptimize)
Event: 0.085 Executing VM operation: HandshakeAllThreads (Deoptimize) done
Event: 0.250 Executing VM operation: HandshakeAllThreads (Deoptimize)
Event: 0.251 Executing VM operation: HandshakeAllThreads (Deoptimize) done
Event: 0.395 Executing VM operation: HandshakeAllThreads (Deoptimize)
Event: 0.395 Executing VM operation: HandshakeAllThreads (Deoptimize) done
Event: 0.431 Executing VM operation: HandshakeAllThreads (Deoptimize)
Event: 0.431 Executing VM operation: HandshakeAllThreads (Deoptimize) done
Event: 0.440 Executing VM operation: G1CollectForAllocation (G1 Evacuation Pause)
Event: 0.444 Executing VM operation: G1CollectForAllocation (G1 Evacuation Pause) done
Event: 0.462 Executing VM operation: HandshakeAllThreads (Deoptimize)
Event: 0.462 Executing VM operation: HandshakeAllThreads (Deoptimize) done
Event: 3.125 Executing VM operation: HandshakeAllThreads (Deoptimize)
Event: 3.125 Executing VM operation: HandshakeAllThreads (Deoptimize) done
Event: 3.143 Executing VM operation: JFRSafepointClear
Event: 3.143 Executing VM operation: JFRSafepointClear done

Memory protections (0 events):
No events

Nmethod flushes (0 events):
No events

Events (20 events):
Event: 0.435 Thread 0x00000208ea3051d0 Thread added: 0x00000208c208fb30
Event: 0.450 Thread 0x00000208c208fb30 Thread added: 0x00000208c217fa70
Event: 0.458 Thread 0x00000208c217fa70 Thread added: 0x00000208c21de630
Event: 0.461 Thread 0x00000208c217fa70 Thread added: 0x00000208c21df580
Event: 0.738 Thread 0x00000208c1187f50 Thread exited: 0x00000208c1187f50
Event: 0.739 Thread 0x00000208c11877c0 Thread exited: 0x00000208c11877c0
Event: 0.739 Thread 0x00000208c1185980 Thread exited: 0x00000208c1185980
Event: 0.739 Thread 0x00000208c1187030 Thread exited: 0x00000208c1187030
Event: 1.746 Thread 0x00000208c11886e0 Thread exited: 0x00000208c11886e0
Event: 1.746 Thread 0x00000208c1186110 Thread exited: 0x00000208c1186110
Event: 1.746 Thread 0x00000208c11868a0 Thread exited: 0x00000208c11868a0
Event: 1.746 Thread 0x00000208c1188e70 Thread exited: 0x00000208c1188e70
Event: 1.746 Thread 0x00000208c1184f30 Thread exited: 0x00000208c1184f30
Event: 3.035 Thread 0x00000208ea312230 Thread added: 0x00000208c2099a40
Event: 3.041 Thread 0x00000208c10809d0 Thread added: 0x00000208c209c010
Event: 3.049 Thread 0x00000208ea3051d0 Thread added: 0x00000208c2ccb090
Event: 3.080 Thread 0x00000208ea312230 Thread added: 0x00000208c209b880
Event: 3.090 Thread 0x00000208c10809d0 Thread added: 0x00000208c20992b0
Event: 3.121 Thread 0x00000208ea312230 Thread added: 0x00000208c209ed70
Event: 3.124 Thread 0x00000208ea3051d0 Thread added: 0x00000208f015b550


Dynamic libraries:
0x00007ff708af0000 - 0x00007ff708afe000 	C:\Users\Ekamo\.jdks\openjdk-24.0.1\bin\java.exe
0x00007ffc77ba0000 - 0x00007ffc77e08000 	C:\WINDOWS\SYSTEM32\ntdll.dll
0x00007ffc76330000 - 0x00007ffc763f9000 	C:\WINDOWS\System32\KERNEL32.DLL
0x00007ffc74ea0000 - 0x00007ffc75298000 	C:\WINDOWS\System32\KERNELBASE.dll
0x00007ffc757f0000 - 0x00007ffc7593b000 	C:\WINDOWS\System32\ucrtbase.dll
0x00007ffc71710000 - 0x00007ffc71726000 	C:\Users\Ekamo\.jdks\openjdk-24.0.1\bin\jli.dll
0x00007ffc62450000 - 0x00007ffc6246b000 	C:\Users\Ekamo\.jdks\openjdk-24.0.1\bin\VCRUNTIME140.dll
0x00007ffc777f0000 - 0x00007ffc779b7000 	C:\WINDOWS\System32\USER32.dll
0x00007ffc74e70000 - 0x00007ffc74e97000 	C:\WINDOWS\System32\win32u.dll
0x00007ffc4e580000 - 0x00007ffc4e814000 	C:\WINDOWS\WinSxS\amd64_microsoft.windows.common-controls_6595b64144ccf1df_6.0.26100.7019_none_3e06ffa0e335b8a8\COMCTL32.dll
0x00007ffc76160000 - 0x00007ffc7618b000 	C:\WINDOWS\System32\GDI32.dll
0x00007ffc768a0000 - 0x00007ffc76949000 	C:\WINDOWS\System32\msvcrt.dll
0x00007ffc754c0000 - 0x00007ffc755ec000 	C:\WINDOWS\System32\gdi32full.dll
0x00007ffc75350000 - 0x00007ffc753f3000 	C:\WINDOWS\System32\msvcp_win.dll
0x00007ffc76850000 - 0x00007ffc76881000 	C:\WINDOWS\System32\IMM32.DLL
0x00007ffc6a830000 - 0x00007ffc6a83c000 	C:\Users\Ekamo\.jdks\openjdk-24.0.1\bin\vcruntime140_1.dll
0x00007ffc57d20000 - 0x00007ffc57dae000 	C:\Users\Ekamo\.jdks\openjdk-24.0.1\bin\msvcp140.dll
0x00007ffbce540000 - 0x00007ffbcf2e2000 	C:\Users\Ekamo\.jdks\openjdk-24.0.1\bin\server\jvm.dll
0x00007ffc77700000 - 0x00007ffc777b4000 	C:\WINDOWS\System32\ADVAPI32.dll
0x00007ffc75ed0000 - 0x00007ffc75f76000 	C:\WINDOWS\System32\sechost.dll
0x00007ffc76580000 - 0x00007ffc76698000 	C:\WINDOWS\System32\RPCRT4.dll
0x00007ffc762b0000 - 0x00007ffc76324000 	C:\WINDOWS\System32\WS2_32.dll
0x00007ffc74b50000 - 0x00007ffc74bae000 	C:\WINDOWS\SYSTEM32\POWRPROF.dll
0x00007ffc6d060000 - 0x00007ffc6d06b000 	C:\WINDOWS\SYSTEM32\VERSION.dll
0x00007ffc6f610000 - 0x00007ffc6f645000 	C:\WINDOWS\SYSTEM32\WINMM.dll
0x00007ffc74b30000 - 0x00007ffc74b44000 	C:\WINDOWS\SYSTEM32\UMPDC.dll
0x00007ffc73ab0000 - 0x00007ffc73acb000 	C:\WINDOWS\SYSTEM32\kernel.appcore.dll
0x00007ffc62400000 - 0x00007ffc6240a000 	C:\Users\Ekamo\.jdks\openjdk-24.0.1\bin\jimage.dll
0x00007ffc72170000 - 0x00007ffc723b2000 	C:\WINDOWS\SYSTEM32\DBGHELP.DLL
0x00007ffc77370000 - 0x00007ffc776fb000 	C:\WINDOWS\System32\combase.dll
0x00007ffc766f0000 - 0x00007ffc767c7000 	C:\WINDOWS\System32\OLEAUT32.dll
0x00007ffc6f5b0000 - 0x00007ffc6f5ec000 	C:\WINDOWS\SYSTEM32\dbgcore.DLL
0x00007ffc752a0000 - 0x00007ffc75345000 	C:\WINDOWS\System32\bcryptPrimitives.dll
0x00007ffc62320000 - 0x00007ffc6232f000 	C:\Users\Ekamo\.jdks\openjdk-24.0.1\bin\instrument.dll
0x00007ffc62120000 - 0x00007ffc6213e000 	C:\Users\Ekamo\.jdks\openjdk-24.0.1\bin\java.dll
0x00007ffc779c0000 - 0x00007ffc77b57000 	C:\WINDOWS\System32\ole32.dll
0x00007ffc76b90000 - 0x00007ffc772df000 	C:\WINDOWS\System32\SHELL32.dll
0x00007ffc75680000 - 0x00007ffc757eb000 	C:\WINDOWS\System32\wintypes.dll
0x00007ffc728f0000 - 0x00007ffc7314d000 	C:\WINDOWS\SYSTEM32\windows.storage.dll
0x00007ffc761b0000 - 0x00007ffc762a2000 	C:\WINDOWS\System32\SHCORE.dll
0x00007ffc767e0000 - 0x00007ffc76847000 	C:\WINDOWS\System32\shlwapi.dll
0x00007ffc74c10000 - 0x00007ffc74c39000 	C:\WINDOWS\SYSTEM32\profapi.dll
0x00007ffc4c750000 - 0x00007ffc4c827000 	C:\Users\Ekamo\.jdks\openjdk-24.0.1\bin\jsvml.dll
0x00007ffc58950000 - 0x00007ffc58967000 	C:\Users\Ekamo\.jdks\openjdk-24.0.1\bin\zip.dll
0x00007ffc62310000 - 0x00007ffc62320000 	C:\Users\Ekamo\.jdks\openjdk-24.0.1\bin\net.dll
0x00007ffc74020000 - 0x00007ffc7408b000 	C:\WINDOWS\system32\mswsock.dll
0x00007ffc58990000 - 0x00007ffc589a6000 	C:\Users\Ekamo\.jdks\openjdk-24.0.1\bin\nio.dll
0x00007ffc622b0000 - 0x00007ffc622b9000 	C:\Users\Ekamo\.jdks\openjdk-24.0.1\bin\extnet.dll
0x00007ffc73630000 - 0x00007ffc7375c000 	C:\WINDOWS\SYSTEM32\DNSAPI.dll
0x00007ffc735f0000 - 0x00007ffc73624000 	C:\WINDOWS\SYSTEM32\IPHLPAPI.DLL
0x00007ffc767d0000 - 0x00007ffc767da000 	C:\WINDOWS\System32\NSI.dll
0x00007ffc6d070000 - 0x00007ffc6d07b000 	C:\Windows\System32\rasadhlp.dll
0x00007ffc6e360000 - 0x00007ffc6e3e6000 	C:\WINDOWS\System32\fwpuclnt.dll
0x00007ffc61df0000 - 0x00007ffc61dfa000 	C:\Users\Ekamo\.jdks\openjdk-24.0.1\bin\management.dll
0x00007ffc60280000 - 0x00007ffc6028b000 	C:\Users\Ekamo\.jdks\openjdk-24.0.1\bin\management_ext.dll
0x00007ffc76a10000 - 0x00007ffc76a18000 	C:\WINDOWS\System32\PSAPI.DLL
0x00007ffc742e0000 - 0x00007ffc742fb000 	C:\WINDOWS\SYSTEM32\CRYPTSP.dll
0x00007ffc73a10000 - 0x00007ffc73a4a000 	C:\WINDOWS\system32\rsaenh.dll
0x00007ffc740d0000 - 0x00007ffc740fb000 	C:\WINDOWS\SYSTEM32\USERENV.dll
0x00007ffc74be0000 - 0x00007ffc74c0a000 	C:\WINDOWS\SYSTEM32\bcrypt.dll
0x00007ffc74300000 - 0x00007ffc7430c000 	C:\WINDOWS\SYSTEM32\CRYPTBASE.dll
0x00007ffc1d440000 - 0x00007ffc1d458000 	C:\WINDOWS\system32\napinsp.dll
0x00007ffc1a0c0000 - 0x00007ffc1a0d2000 	C:\WINDOWS\System32\winrnr.dll
0x00007ffc1d460000 - 0x00007ffc1d482000 	C:\WINDOWS\system32\nlansp_c.dll
0x00007ffc698e0000 - 0x00007ffc698f6000 	C:\WINDOWS\system32\wshbth.dll
0x00007ffc4e0c0000 - 0x00007ffc4e116000 	C:\WINDOWS\SYSTEM32\pdh.dll
0x00007ffc6f950000 - 0x00007ffc6f962000 	C:\WINDOWS\System32\perfproc.dll
0x00007ffc3e770000 - 0x00007ffc3e781000 	C:\WINDOWS\System32\perfos.dll
0x00007ffc73170000 - 0x00007ffc73182000 	C:\WINDOWS\SYSTEM32\pfclient.dll
0x00007ffc3ffc0000 - 0x00007ffc401b8000 	C:\Users\Ekamo\AppData\Local\Temp\idea_libasyncProfiler_dll_temp_folder\libasyncProfiler.dll

JVMTI agents:
C:\Program Files\JetBrains\IntelliJ IDEA 2025.1\lib\idea_rt.jar path:C:\Users\Ekamo\.jdks\openjdk-24.0.1\bin\instrument.dll, loaded, initialized, instrumentlib options:56990

dbghelp: loaded successfully - version: 4.0.5 - missing functions: none
symbol engine: initialized successfully - sym options: 0x614 - pdb path: .;C:\Users\Ekamo\.jdks\openjdk-24.0.1\bin;C:\WINDOWS\SYSTEM32;C:\WINDOWS\WinSxS\amd64_microsoft.windows.common-controls_6595b64144ccf1df_6.0.26100.7019_none_3e06ffa0e335b8a8;C:\Users\Ekamo\.jdks\openjdk-24.0.1\bin\server;C:\Users\Ekamo\AppData\Local\Temp\idea_libasyncProfiler_dll_temp_folder

VM Arguments:
jvm_args: --enable-preview -javaagent:C:\Program Files\JetBrains\IntelliJ IDEA 2025.1\lib\idea_rt.jar=56990 -Dfile.encoding=UTF-8 -Dsun.stdout.encoding=UTF-8 -Dsun.stderr.encoding=UTF-8 
java_command: Main inputfolder
java_class_path (initial): C:\Users\Ekamo\Desktop\New folder (2)\InformationR\out\production\InformationR
Launcher Type: SUN_STANDARD

[Global flags]
     intx CICompilerCount                          = 12                                        {product} {ergonomic}
     uint ConcGCThreads                            = 4                                         {product} {ergonomic}
     bool FlightRecorder                           = true                                      {product} {management}
     uint G1ConcRefinementThreads                  = 15                                        {product} {ergonomic}
   size_t G1HeapRegionSize                         = 4194304                                   {product} {ergonomic}
   size_t InitialHeapSize                          = 532676608                                 {product} {ergonomic}
   size_t MarkStackSize                            = 4194304                                   {product} {ergonomic}
   size_t MarkStackSizeMax                         = 536870912                                 {product} {ergonomic}
   size_t MaxHeapSize                              = 8506048512                                {product} {ergonomic}
   size_t MaxNewSize                               = 5100273664                                {product} {ergonomic}
   size_t MinHeapDeltaBytes                        = 4194304                                   {product} {ergonomic}
   size_t MinHeapSize                              = 8388608                                   {product} {ergonomic}
    uintx NonNMethodCodeHeapSize                   = 7602176                                {pd product} {ergonomic}
    uintx NonProfiledCodeHeapSize                  = 122093568                              {pd product} {ergonomic}
    uintx ProfiledCodeHeapSize                     = 121962496                              {pd product} {ergonomic}
    uintx ReservedCodeCacheSize                    = 251658240                              {pd product} {ergonomic}
     bool SegmentedCodeCache                       = true                                      {product} {ergonomic}
   size_t SoftMaxHeapSize                          = 8506048512                             {manageable} {ergonomic}
     bool UseCompressedOops                        = true                           {product lp64_product} {ergonomic}
     bool UseG1GC                                  = true                                      {product} {ergonomic}
     bool UseLargePagesIndividualAllocation        = false                                  {pd product} {ergonomic}

Logging:
Log output configuration:
 #0: stdout all=warning uptime,level,tags foldmultilines=false
 #1: stderr all=off uptime,level,tags foldmultilines=false

Environment Variables:
PATH=C:\Program Files (x86)\Common Files\Oracle\Java\java8path;C:\Program Files (x86)\Common Files\Oracle\Java\javapath;C:\WINDOWS\system32;C:\WINDOWS;C:\WINDOWS\System32\Wbem;C:\WINDOWS\System32\WindowsPowerShell\v1.0\;C:\WINDOWS\System32\OpenSSH\;C:\Program Files\NVIDIA Corporation\NVIDIA App\NvDLISR;C:\Program Files (x86)\NVIDIA Corporation\PhysX\Common;C:\Program Files\Process Lasso\;C:\Users\Ekamo\AppData\Local\Microsoft\WindowsApps;C:\Users\Ekamo\AppData\Local\Programs\Microsoft VS Code\bin
USERNAME=Ekamo
OS=Windows_NT
PROCESSOR_IDENTIFIER=Intel64 Family 6 Model 186 Stepping 2, GenuineIntel
TMP=C:\Users\Ekamo\AppData\Local\Temp
TEMP=C:\Users\Ekamo\AppData\Local\Temp




Periodic native trim disabled

---------------  S Y S T E M  ---------------

OS:
 Windows 11 , 64 bit Build 26100 (10.0.26100.7019)
OS uptime: 68 days 0:28 hours
Hyper-V role detected

CPU: total 20 (initial active 20) (10 cores per cpu, 2 threads per core) family 6 model 186 stepping 2 microcode 0x4128, cx8, cmov, fxsr, ht, mmx, 3dnowpref, sse, sse2, sse3, ssse3, sse4.1, sse4.2, popcnt, lzcnt, tsc, tscinvbit, avx, avx2, aes, erms, clmul, bmi1, bmi2, adx, sha, fma, vzeroupper, clflush, clflushopt, clwb, hv, serialize, rdtscp, rdpid, fsrm, gfni, f16c, cet_ibt, cet_ss
Processor Information for processor 0
  Max Mhz: 2600, Current Mhz: 1496, Mhz Limit: 2600
Processor Information for processor 1
  Max Mhz: 2600, Current Mhz: 2600, Mhz Limit: 2600
Processor Information for processor 2
  Max Mhz: 2600, Current Mhz: 2600, Mhz Limit: 2600
Processor Information for processor 3
  Max Mhz: 2600, Current Mhz: 2600, Mhz Limit: 2600
Processor Information for processor 4
  Max Mhz: 2600, Current Mhz: 2600, Mhz Limit: 2600
Processor Information for processor 5
  Max Mhz: 2600, Current Mhz: 2600, Mhz Limit: 2600
Processor Information for processor 6
  Max Mhz: 2600, Current Mhz: 2600, Mhz Limit: 2600
Processor Information for processor 7
  Max Mhz: 2600, Current Mhz: 2600, Mhz Limit: 2600
Processor Information for processor 8
  Max Mhz: 2600, Current Mhz: 2600, Mhz Limit: 2600
Processor Information for processor 9
  Max Mhz: 2600, Current Mhz: 2600, Mhz Limit: 2600
Processor Information for processor 10
  Max Mhz: 2600, Current Mhz: 1496, Mhz Limit: 2600
Processor Information for processor 11
  Max Mhz: 2600, Current Mhz: 2600, Mhz Limit: 2600
Processor Information for processor 12
  Max Mhz: 2600, Current Mhz: 2600, Mhz Limit: 2600
Processor Information for processor 13
  Max Mhz: 2600, Current Mhz: 2600, Mhz Limit: 2600
Processor Information for processor 14
  Max Mhz: 2600, Current Mhz: 2600, Mhz Limit: 2600
Processor Information for processor 15
  Max Mhz: 2600, Current Mhz: 1505, Mhz Limit: 2600
Processor Information for processor 16
  Max Mhz: 2600, Current Mhz: 2600, Mhz Limit: 2600
Processor Information for processor 17
  Max Mhz: 2600, Current Mhz: 1505, Mhz Limit: 2600
Processor Information for processor 18
  Max Mhz: 2600, Current Mhz: 1505, Mhz Limit: 2600
Processor Information for processor 19
  Max Mhz: 2600, Current Mhz: 2600, Mhz Limit: 2600

Memory: 4k page, system-wide physical 32439M (16139M free)
TotalPageFile size 35511M (AvailPageFile size 12621M)
current process WorkingSet (physical memory assigned to process): 161M, peak: 161M
current process commit charge ("private bytes"): 698M, peak: 698M

vm_info: OpenJDK 64-Bit Server VM (24.0.1+9-30) for windows-amd64 JRE (24.0.1+9-30), built on 2025-03-05T07:23:45Z with MS VC++ 17.6 (VS2022)

END.
